#
# A fatal error has been detected by the Java Runtime Environment:
#
#  Internal Error (signature.cpp:120), pid=1940, tid=0x00000ad0
#  Error: ShouldNotReachHere()
#
# JRE version: Java(TM) SE Runtime Environment (8.0_191-b12) (build 1.8.0_191-b12)
# Java VM: Java HotSpot(TM) Client VM (25.191-b12 mixed mode windows-x86 )
# Failed to write core dump. Minidumps are not enabled by default on client versions of Windows
#
# If you would like to submit a bug report, please visit:
#   http://bugreport.java.com/bugreport/crash.jsp
#

---------------  T H R E A D  ---------------

Current thread (0x14b47800):  JavaThread "AWT-EventQueue-0" [_thread_in_vm, id=2768, stack(0x15100000,0x15150000)]

Stack: [0x15100000,0x15150000],  sp=0x1514dc0c,  free space=311k
Native frames: (J=compiled Java code, j=interpreted, Vv=VM code, C=native code)
V  [jvm.dll+0x1acfeb]
V  [jvm.dll+0x1a5774]
V  [jvm.dll+0x1748c8]
V  [jvm.dll+0x1565b4]
V  [jvm.dll+0x82827]
j  sun.swing.SwingUtilities2.convertColumnIndexToModel(Ljavax/swing/table/TableColumnModel;I)I+8
j  javax.swing.JTable.convertColumnIndexToModel(I)I+5
j  javax.swing.JTable.getColumnClass(I)Ljava/lang/Class;+6
j  javax.swing.JTable.getCellRenderer(II)Ljavax/swing/table/TableCellRenderer;+25
j  javax.swing.plaf.synth.SynthTableUI.paintCell(Ljavax/swing/plaf/synth/SynthContext;Ljava/awt/Graphics;Ljava/awt/Rectangle;II)V+65
j  javax.swing.plaf.synth.SynthTableUI.paintCells(Ljavax/swing/plaf/synth/SynthContext;Ljava/awt/Graphics;IIII)V+135
j  javax.swing.plaf.synth.SynthTableUI.paint(Ljavax/swing/plaf/synth/SynthContext;Ljava/awt/Graphics;)V+238
j  javax.swing.plaf.synth.SynthTableUI.update(Ljava/awt/Graphics;Ljavax/swing/JComponent;)V+33
j  javax.swing.JComponent.paintComponent(Ljava/awt/Graphics;)V+26
j  javax.swing.JComponent.paint(Ljava/awt/Graphics;)V+286
j  javax.swing.JComponent.paintChildren(Ljava/awt/Graphics;)V+501
j  javax.swing.JComponent.paint(Ljava/awt/Graphics;)V+318
j  javax.swing.JViewport.paint(Ljava/awt/Graphics;)V+205
j  javax.swing.JComponent.paintChildren(Ljava/awt/Graphics;)V+501
j  javax.swing.JComponent.paint(Ljava/awt/Graphics;)V+318
j  javax.swing.JComponent.paintChildren(Ljava/awt/Graphics;)V+501
j  javax.swing.JComponent.paint(Ljava/awt/Graphics;)V+318
j  javax.swing.JComponent.paintChildren(Ljava/awt/Graphics;)V+501
j  javax.swing.JComponent.paint(Ljava/awt/Graphics;)V+318
j  javax.swing.JLayeredPane.paint(Ljava/awt/Graphics;)V+73
j  javax.swing.JComponent.paintChildren(Ljava/awt/Graphics;)V+501
j  javax.swing.JComponent.paint(Ljava/awt/Graphics;)V+318
j  javax.swing.JComponent.paintChildren(Ljava/awt/Graphics;)V+501
j  javax.swing.JComponent.paint(Ljava/awt/Graphics;)V+318
j  javax.swing.JComponent.paintChildren(Ljava/awt/Graphics;)V+501
j  javax.swing.JComponent.paint(Ljava/awt/Graphics;)V+318
j  javax.swing.JLayeredPane.paint(Ljava/awt/Graphics;)V+73
j  javax.swing.JComponent.paintToOffscreen(Ljava/awt/Graphics;IIIIII)V+41
j  javax.swing.BufferStrategyPaintManager.paint(Ljavax/swing/JComponent;Ljavax/swing/JComponent;Ljava/awt/Graphics;IIII)Z+164
j  javax.swing.RepaintManager.paint(Ljavax/swing/JComponent;Ljavax/swing/JComponent;Ljava/awt/Graphics;IIII)V+51
j  javax.swing.JComponent._paintImmediately(IIII)V+683
j  javax.swing.JComponent.paintImmediately(IIII)V+138
j  javax.swing.RepaintManager$4.run()Ljava/lang/Void;+81
j  javax.swing.RepaintManager$4.run()Ljava/lang/Object;+1
v  ~StubRoutines::call_stub
V  [jvm.dll+0x15c315]
V  [jvm.dll+0x223ece]
V  [jvm.dll+0x15c3ae]
V  [jvm.dll+0x10c35f]
C  [java.dll+0x102f]
j  java.security.ProtectionDomain$JavaSecurityAccessImpl.doIntersectionPrivilege(Ljava/security/PrivilegedAction;Ljava/security/AccessControlContext;Ljava/security/AccessControlContext;)Ljava/lang/Object;+18
j  javax.swing.RepaintManager.paintDirtyRegions(Ljava/util/Map;)V+154
j  javax.swing.RepaintManager.paintDirtyRegions()V+46
j  javax.swing.RepaintManager.prePaintDirtyRegions()V+73
j  javax.swing.RepaintManager.access$1200(Ljavax/swing/RepaintManager;)V+1
j  javax.swing.RepaintManager$ProcessingRunnable.run()V+37
j  java.awt.event.InvocationEvent.dispatch()V+47
j  java.awt.EventQueue.dispatchEventImpl(Ljava/awt/AWTEvent;Ljava/lang/Object;)V+21
j  java.awt.EventQueue.access$500(Ljava/awt/EventQueue;Ljava/awt/AWTEvent;Ljava/lang/Object;)V+3
j  java.awt.EventQueue$3.run()Ljava/lang/Void;+32
j  java.awt.EventQueue$3.run()Ljava/lang/Object;+1
v  ~StubRoutines::call_stub
V  [jvm.dll+0x15c315]
V  [jvm.dll+0x223ece]
V  [jvm.dll+0x15c3ae]
V  [jvm.dll+0x10c35f]
C  [java.dll+0x102f]
j  java.security.ProtectionDomain$JavaSecurityAccessImpl.doIntersectionPrivilege(Ljava/security/PrivilegedAction;Ljava/security/AccessControlContext;Ljava/security/AccessControlContext;)Ljava/lang/Object;+18
j  java.awt.EventQueue.dispatchEvent(Ljava/awt/AWTEvent;)V+46
j  java.awt.EventDispatchThread.pumpOneEventForFilters(I)V+140
j  java.awt.EventDispatchThread.pumpEventsForFilter(ILjava/awt/Conditional;Ljava/awt/EventFilter;)V+35
j  java.awt.EventDispatchThread.pumpEventsForHierarchy(ILjava/awt/Conditional;Ljava/awt/Component;)V+11
j  java.awt.EventDispatchThread.pumpEvents(ILjava/awt/Conditional;)V+4
j  java.awt.EventDispatchThread.pumpEvents(Ljava/awt/Conditional;)V+3
j  java.awt.EventDispatchThread.run()V+9
v  ~StubRoutines::call_stub
V  [jvm.dll+0x15c315]
V  [jvm.dll+0x223ece]
V  [jvm.dll+0x15c3ae]
V  [jvm.dll+0x15c536]
V  [jvm.dll+0x15c5a7]
V  [jvm.dll+0x1002ef]
V  [jvm.dll+0x17f550]
V  [jvm.dll+0x17fdca]
V  [jvm.dll+0x1c57a6]
C  [msvcr100.dll+0x5c556]
C  [msvcr100.dll+0x5c600]
C  [kernel32.dll+0x51174]
C  [ntdll.dll+0x5b3f5]
C  [ntdll.dll+0x5b3c8]
C  0x00000000

Java frames: (J=compiled Java code, j=interpreted, Vv=VM code)
j  sun.swing.SwingUtilities2.convertColumnIndexToModel(Ljavax/swing/table/TableColumnModel;I)I+8
j  javax.swing.JTable.convertColumnIndexToModel(I)I+5
j  javax.swing.JTable.getColumnClass(I)Ljava/lang/Class;+6
j  javax.swing.JTable.getCellRenderer(II)Ljavax/swing/table/TableCellRenderer;+25
j  javax.swing.plaf.synth.SynthTableUI.paintCell(Ljavax/swing/plaf/synth/SynthContext;Ljava/awt/Graphics;Ljava/awt/Rectangle;II)V+65
j  javax.swing.plaf.synth.SynthTableUI.paintCells(Ljavax/swing/plaf/synth/SynthContext;Ljava/awt/Graphics;IIII)V+135
j  javax.swing.plaf.synth.SynthTableUI.paint(Ljavax/swing/plaf/synth/SynthContext;Ljava/awt/Graphics;)V+238
j  javax.swing.plaf.synth.SynthTableUI.update(Ljava/awt/Graphics;Ljavax/swing/JComponent;)V+33
j  javax.swing.JComponent.paintComponent(Ljava/awt/Graphics;)V+26
j  javax.swing.JComponent.paint(Ljava/awt/Graphics;)V+286
j  javax.swing.JComponent.paintChildren(Ljava/awt/Graphics;)V+501
j  javax.swing.JComponent.paint(Ljava/awt/Graphics;)V+318
j  javax.swing.JViewport.paint(Ljava/awt/Graphics;)V+205
j  javax.swing.JComponent.paintChildren(Ljava/awt/Graphics;)V+501
j  javax.swing.JComponent.paint(Ljava/awt/Graphics;)V+318
j  javax.swing.JComponent.paintChildren(Ljava/awt/Graphics;)V+501
j  javax.swing.JComponent.paint(Ljava/awt/Graphics;)V+318
j  javax.swing.JComponent.paintChildren(Ljava/awt/Graphics;)V+501
j  javax.swing.JComponent.paint(Ljava/awt/Graphics;)V+318
j  javax.swing.JLayeredPane.paint(Ljava/awt/Graphics;)V+73
j  javax.swing.JComponent.paintChildren(Ljava/awt/Graphics;)V+501
j  javax.swing.JComponent.paint(Ljava/awt/Graphics;)V+318
j  javax.swing.JComponent.paintChildren(Ljava/awt/Graphics;)V+501
j  javax.swing.JComponent.paint(Ljava/awt/Graphics;)V+318
j  javax.swing.JComponent.paintChildren(Ljava/awt/Graphics;)V+501
j  javax.swing.JComponent.paint(Ljava/awt/Graphics;)V+318
j  javax.swing.JLayeredPane.paint(Ljava/awt/Graphics;)V+73
j  javax.swing.JComponent.paintToOffscreen(Ljava/awt/Graphics;IIIIII)V+41
j  javax.swing.BufferStrategyPaintManager.paint(Ljavax/swing/JComponent;Ljavax/swing/JComponent;Ljava/awt/Graphics;IIII)Z+164
j  javax.swing.RepaintManager.paint(Ljavax/swing/JComponent;Ljavax/swing/JComponent;Ljava/awt/Graphics;IIII)V+51
j  javax.swing.JComponent._paintImmediately(IIII)V+683
j  javax.swing.JComponent.paintImmediately(IIII)V+138
j  javax.swing.RepaintManager$4.run()Ljava/lang/Void;+81
j  javax.swing.RepaintManager$4.run()Ljava/lang/Object;+1
v  ~StubRoutines::call_stub
j  java.security.AccessController.doPrivileged(Ljava/security/PrivilegedAction;Ljava/security/AccessControlContext;)Ljava/lang/Object;+0
j  java.security.ProtectionDomain$JavaSecurityAccessImpl.doIntersectionPrivilege(Ljava/security/PrivilegedAction;Ljava/security/AccessControlContext;Ljava/security/AccessControlContext;)Ljava/lang/Object;+18
j  javax.swing.RepaintManager.paintDirtyRegions(Ljava/util/Map;)V+154
j  javax.swing.RepaintManager.paintDirtyRegions()V+46
j  javax.swing.RepaintManager.prePaintDirtyRegions()V+73
j  javax.swing.RepaintManager.access$1200(Ljavax/swing/RepaintManager;)V+1
j  javax.swing.RepaintManager$ProcessingRunnable.run()V+37
j  java.awt.event.InvocationEvent.dispatch()V+47
j  java.awt.EventQueue.dispatchEventImpl(Ljava/awt/AWTEvent;Ljava/lang/Object;)V+21
j  java.awt.EventQueue.access$500(Ljava/awt/EventQueue;Ljava/awt/AWTEvent;Ljava/lang/Object;)V+3
j  java.awt.EventQueue$3.run()Ljava/lang/Void;+32
j  java.awt.EventQueue$3.run()Ljava/lang/Object;+1
v  ~StubRoutines::call_stub
j  java.security.AccessController.doPrivileged(Ljava/security/PrivilegedAction;Ljava/security/AccessControlContext;)Ljava/lang/Object;+0
j  java.security.ProtectionDomain$JavaSecurityAccessImpl.doIntersectionPrivilege(Ljava/security/PrivilegedAction;Ljava/security/AccessControlContext;Ljava/security/AccessControlContext;)Ljava/lang/Object;+18
j  java.awt.EventQueue.dispatchEvent(Ljava/awt/AWTEvent;)V+46
j  java.awt.EventDispatchThread.pumpOneEventForFilters(I)V+140
j  java.awt.EventDispatchThread.pumpEventsForFilter(ILjava/awt/Conditional;Ljava/awt/EventFilter;)V+35
j  java.awt.EventDispatchThread.pumpEventsForHierarchy(ILjava/awt/Conditional;Ljava/awt/Component;)V+11
j  java.awt.EventDispatchThread.pumpEvents(ILjava/awt/Conditional;)V+4
j  java.awt.EventDispatchThread.pumpEvents(Ljava/awt/Conditional;)V+3
j  java.awt.EventDispatchThread.run()V+9
v  ~StubRoutines::call_stub

---------------  P R O C E S S  ---------------

Java Threads: ( => current thread )
  0x14d27000 JavaThread "TimerQueue" daemon [_thread_blocked, id=3944, stack(0x15bd0000,0x15c20000)]
  0x14b4fc00 JavaThread "org.netbeans.modules.debugger.jpda.visual AWT Access Loop" daemon [_thread_blocked, id=2604, stack(0x15220000,0x15270000)]
  0x012fc800 JavaThread "DestroyJavaVM" [_thread_blocked, id=3784, stack(0x010f0000,0x01140000)]
=>0x14b47800 JavaThread "AWT-EventQueue-0" [_thread_in_vm, id=2768, stack(0x15100000,0x15150000)]
  0x1424d400 JavaThread "AWT-Windows" daemon [_thread_in_native, id=2980, stack(0x148e0000,0x14930000)]
  0x14246800 JavaThread "AWT-Shutdown" [_thread_blocked, id=2884, stack(0x14890000,0x148e0000)]
  0x14246000 JavaThread "Java2D Disposer" daemon [_thread_blocked, id=3032, stack(0x143d0000,0x14420000)]
  0x14105400 JavaThread "Service Thread" daemon [_thread_blocked, id=3112, stack(0x14670000,0x146c0000)]
  0x140df000 JavaThread "C1 CompilerThread0" daemon [_thread_blocked, id=2880, stack(0x03b50000,0x03ba0000)]
  0x140d0c00 JavaThread "JDWP Command Reader" daemon [_thread_in_native, id=124, stack(0x14730000,0x14780000)]
  0x140cc400 JavaThread "JDWP Event Helper Thread" daemon [_thread_blocked, id=3976, stack(0x145a0000,0x145f0000)]
  0x140c0c00 JavaThread "JDWP Transport Listener: dt_shmem" daemon [_thread_blocked, id=2832, stack(0x14620000,0x14670000)]
  0x140c9400 JavaThread "Attach Listener" daemon [_thread_blocked, id=3580, stack(0x14420000,0x14470000)]
  0x140c6400 JavaThread "Signal Dispatcher" daemon [_thread_blocked, id=2820, stack(0x14490000,0x144e0000)]
  0x140a9800 JavaThread "Finalizer" daemon [_thread_blocked, id=3348, stack(0x142b0000,0x14300000)]
  0x140a3000 JavaThread "Reference Handler" daemon [_thread_blocked, id=3344, stack(0x14260000,0x142b0000)]

Other Threads:
  0x1407bc00 VMThread [stack: 0x03b00000,0x03b50000] [id=2072]
  0x14108000 WatcherThread [stack: 0x144f0000,0x14540000] [id=804]

VM state:not at safepoint (normal execution)

VM Mutex/Monitor currently owned by a thread: None

Heap:
 def new generation   total 4928K, used 1455K [0x03c00000, 0x04150000, 0x09150000)
  eden space 4416K,  25% used [0x03c00000, 0x03d1c0c8, 0x04050000)
  from space 512K,  62% used [0x040d0000, 0x0411fb70, 0x04150000)
  to   space 512K,   0% used [0x04050000, 0x04050000, 0x040d0000)
 tenured generation   total 10944K, used 6765K [0x09150000, 0x09c00000, 0x13c00000)
   the space 10944K,  61% used [0x09150000, 0x097eb578, 0x097eb600, 0x09c00000)
 Metaspace       used 8969K, capacity 9171K, committed 9216K, reserved 9600K

Card table byte_map: [0x01300000,0x01390000] byte_map_base: 0x012e2000

Polling page: 0x002b0000

CodeCache: size=32768Kb used=1348Kb max_used=1348Kb free=31419Kb
 bounds [0x01ad0000, 0x01c28000, 0x03ad0000]
 total_blobs=779 nmethods=557 adapters=160
 compilation: enabled

Compilation events (10 events):
Event: 3.576 Thread 0x140df000  561             javax.swing.GroupLayout::access$600 (6 bytes)
Event: 3.576 Thread 0x140df000 nmethod 561 0x01c1e988 code [0x01c1ea80, 0x01c1eb1c]
Event: 3.576 Thread 0x140df000  562             java.awt.Component::isVisible (5 bytes)
Event: 3.576 Thread 0x140df000 nmethod 562 0x01c1ebc8 code [0x01c1ecc0, 0x01c1ed40]
Event: 3.576 Thread 0x140df000  563             java.awt.Component::isVisible_NoClientCode (5 bytes)
Event: 3.576 Thread 0x140df000 nmethod 563 0x01c1ed88 code [0x01c1ee80, 0x01c1ef00]
Event: 3.586 Thread 0x140df000  564             java.awt.geom.AffineTransform::transform (663 bytes)
Event: 3.588 Thread 0x140df000 nmethod 564 0x01c1ef48 code [0x01c1f110, 0x01c1fac4]
Event: 3.602 Thread 0x140df000  565             java.awt.Component::getForeground (29 bytes)
Event: 3.602 Thread 0x140df000 nmethod 565 0x01c21188 code [0x01c21290, 0x01c2139c]

GC Heap History (10 events):
Event: 0.779 GC heap before
{Heap before GC invocations=0 (full 0):
 def new generation   total 4928K, used 4416K [0x03c00000, 0x04150000, 0x09150000)
  eden space 4416K, 100% used [0x03c00000, 0x04050000, 0x04050000)
  from space 512K,   0% used [0x04050000, 0x04050000, 0x040d0000)
  to   space 512K,   0% used [0x040d0000, 0x040d0000, 0x04150000)
 tenured generation   total 10944K, used 0K [0x09150000, 0x09c00000, 0x13c00000)
   the space 10944K,   0% used [0x09150000, 0x09150000, 0x09150200, 0x09c00000)
 Metaspace       used 6949K, capacity 7120K, committed 7168K, reserved 7552K
Event: 0.785 GC heap after
Heap after GC invocations=1 (full 0):
 def new generation   total 4928K, used 512K [0x03c00000, 0x04150000, 0x09150000)
  eden space 4416K,   0% used [0x03c00000, 0x03c00000, 0x04050000)
  from space 512K, 100% used [0x040d0000, 0x04150000, 0x04150000)
  to   space 512K,   0% used [0x04050000, 0x04050000, 0x040d0000)
 tenured generation   total 10944K, used 1021K [0x09150000, 0x09c00000, 0x13c00000)
   the space 10944K,   9% used [0x09150000, 0x0924f678, 0x0924f800, 0x09c00000)
 Metaspace       used 6949K, capacity 7120K, committed 7168K, reserved 7552K
}
Event: 0.995 GC heap before
{Heap before GC invocations=1 (full 0):
 def new generation   total 4928K, used 3538K [0x03c00000, 0x04150000, 0x09150000)
  eden space 4416K,  68% used [0x03c00000, 0x03ef49c8, 0x04050000)
  from space 512K, 100% used [0x040d0000, 0x04150000, 0x04150000)
  to   space 512K,   0% used [0x04050000, 0x04050000, 0x040d0000)
 tenured generation   total 10944K, used 1021K [0x09150000, 0x09c00000, 0x13c00000)
   the space 10944K,   9% used [0x09150000, 0x0924f678, 0x0924f800, 0x09c00000)
 Metaspace       used 8313K, capacity 8499K, committed 8576K, reserved 8576K
Event: 1.001 GC heap after
Heap after GC invocations=2 (full 0):
 def new generation   total 4928K, used 512K [0x03c00000, 0x04150000, 0x09150000)
  eden space 4416K,   0% used [0x03c00000, 0x03c00000, 0x04050000)
  from space 512K, 100% used [0x04050000, 0x040d0000, 0x040d0000)
  to   space 512K,   0% used [0x040d0000, 0x040d0000, 0x04150000)
 tenured generation   total 10944K, used 2089K [0x09150000, 0x09c00000, 0x13c00000)
   the space 10944K,  19% used [0x09150000, 0x0935a4d8, 0x0935a600, 0x09c00000)
 Metaspace       used 8313K, capacity 8499K, committed 8576K, reserved 8576K
}
Event: 2.162 GC heap before
{Heap before GC invocations=2 (full 0):
 def new generation   total 4928K, used 4928K [0x03c00000, 0x04150000, 0x09150000)
  eden space 4416K, 100% used [0x03c00000, 0x04050000, 0x04050000)
  from space 512K, 100% used [0x04050000, 0x040d0000, 0x040d0000)
  to   space 512K,   0% used [0x040d0000, 0x040d0000, 0x04150000)
 tenured generation   total 10944K, used 2089K [0x09150000, 0x09c00000, 0x13c00000)
   the space 10944K,  19% used [0x09150000, 0x0935a4d8, 0x0935a600, 0x09c00000)
 Metaspace       used 8899K, capacity 9107K, committed 9216K, reserved 9600K
Event: 2.170 GC heap after
Heap after GC invocations=3 (full 0):
 def new generation   total 4928K, used 270K [0x03c00000, 0x04150000, 0x09150000)
  eden space 4416K,   0% used [0x03c00000, 0x03c00000, 0x04050000)
  from space 512K,  52% used [0x040d0000, 0x04113a00, 0x04150000)
  to   space 512K,   0% used [0x04050000, 0x04050000, 0x040d0000)
 tenured generation   total 10944K, used 5725K [0x09150000, 0x09c00000, 0x13c00000)
   the space 10944K,  52% used [0x09150000, 0x096e7588, 0x096e7600, 0x09c00000)
 Metaspace       used 8899K, capacity 9107K, committed 9216K, reserved 9600K
}
Event: 2.376 GC heap before
{Heap before GC invocations=3 (full 0):
 def new generation   total 4928K, used 4686K [0x03c00000, 0x04150000, 0x09150000)
  eden space 4416K, 100% used [0x03c00000, 0x04050000, 0x04050000)
  from space 512K,  52% used [0x040d0000, 0x04113a00, 0x04150000)
  to   space 512K,   0% used [0x04050000, 0x04050000, 0x040d0000)
 tenured generation   total 10944K, used 5725K [0x09150000, 0x09c00000, 0x13c00000)
   the space 10944K,  52% used [0x09150000, 0x096e7588, 0x096e7600, 0x09c00000)
 Metaspace       used 8903K, capacity 9107K, committed 9216K, reserved 9600K
Event: 2.380 GC heap after
Heap after GC invocations=4 (full 0):
 def new generation   total 4928K, used 512K [0x03c00000, 0x04150000, 0x09150000)
  eden space 4416K,   0% used [0x03c00000, 0x03c00000, 0x04050000)
  from space 512K, 100% used [0x04050000, 0x040d0000, 0x040d0000)
  to   space 512K,   0% used [0x040d0000, 0x040d0000, 0x04150000)
 tenured generation   total 10944K, used 6262K [0x09150000, 0x09c00000, 0x13c00000)
   the space 10944K,  57% used [0x09150000, 0x0976d820, 0x0976da00, 0x09c00000)
 Metaspace       used 8903K, capacity 9107K, committed 9216K, reserved 9600K
}
Event: 2.467 GC heap before
{Heap before GC invocations=4 (full 0):
 def new generation   total 4928K, used 4928K [0x03c00000, 0x04150000, 0x09150000)
  eden space 4416K, 100% used [0x03c00000, 0x04050000, 0x04050000)
  from space 512K, 100% used [0x04050000, 0x040d0000, 0x040d0000)
  to   space 512K,   0% used [0x040d0000, 0x040d0000, 0x04150000)
 tenured generation   total 10944K, used 6262K [0x09150000, 0x09c00000, 0x13c00000)
   the space 10944K,  57% used [0x09150000, 0x0976d820, 0x0976da00, 0x09c00000)
 Metaspace       used 8917K, capacity 9107K, committed 9216K, reserved 9600K
Event: 2.471 GC heap after
Heap after GC invocations=5 (full 0):
 def new generation   total 4928K, used 318K [0x03c00000, 0x04150000, 0x09150000)
  eden space 4416K,   0% used [0x03c00000, 0x03c00000, 0x04050000)
  from space 512K,  62% used [0x040d0000, 0x0411fb70, 0x04150000)
  to   space 512K,   0% used [0x04050000, 0x04050000, 0x040d0000)
 tenured generation   total 10944K, used 6765K [0x09150000, 0x09c00000, 0x13c00000)
   the space 10944K,  61% used [0x09150000, 0x097eb578, 0x097eb600, 0x09c00000)
 Metaspace       used 8917K, capacity 9107K, committed 9216K, reserved 9600K
}

Deoptimization events (0 events):
No events

Classes redefined (0 events):
No events

Internal exceptions (10 events):
Event: 0.563 Thread 0x012fc800 Exception <a 'java/lang/ClassNotFoundException': ToolBar> (0x03ece028) thrown at [C:\workspace\8-2-build-windows-i586-cygwin\jdk8u191\11896\hotspot\src\share\vm\classfile\systemDictionary.cpp, line 210]
Event: 0.563 Thread 0x012fc800 Exception <a 'java/lang/ClassNotFoundException': ToggleButton> (0x03ece570) thrown at [C:\workspace\8-2-build-windows-i586-cygwin\jdk8u191\11896\hotspot\src\share\vm\classfile\systemDictionary.cpp, line 210]
Event: 0.563 Thread 0x012fc800 Exception <a 'java/lang/ClassNotFoundException': javax/swing/JToolBarSeparator> (0x03ece978) thrown at [C:\workspace\8-2-build-windows-i586-cygwin\jdk8u191\11896\hotspot\src\share\vm\classfile\systemDictionary.cpp, line 210]
Event: 0.563 Thread 0x012fc800 Exception <a 'java/lang/ClassNotFoundException': ToolBarSeparator> (0x03ecedd0) thrown at [C:\workspace\8-2-build-windows-i586-cygwin\jdk8u191\11896\hotspot\src\share\vm\classfile\systemDictionary.cpp, line 210]
Event: 0.564 Thread 0x012fc800 Exception <a 'java/lang/ClassNotFoundException': ToolTip> (0x03ecf478) thrown at [C:\workspace\8-2-build-windows-i586-cygwin\jdk8u191\11896\hotspot\src\share\vm\classfile\systemDictionary.cpp, line 210]
Event: 0.565 Thread 0x012fc800 Exception <a 'java/lang/ClassNotFoundException': Tree> (0x03ecff60) thrown at [C:\workspace\8-2-build-windows-i586-cygwin\jdk8u191\11896\hotspot\src\share\vm\classfile\systemDictionary.cpp, line 210]
Event: 0.565 Thread 0x012fc800 Exception <a 'java/lang/ClassNotFoundException': Tree> (0x03ed0600) thrown at [C:\workspace\8-2-build-windows-i586-cygwin\jdk8u191\11896\hotspot\src\share\vm\classfile\systemDictionary.cpp, line 210]
Event: 0.565 Thread 0x012fc800 Exception <a 'java/lang/ClassNotFoundException': javax/swing/JTreeCell> (0x03ed0938) thrown at [C:\workspace\8-2-build-windows-i586-cygwin\jdk8u191\11896\hotspot\src\share\vm\classfile\systemDictionary.cpp, line 210]
Event: 0.565 Thread 0x012fc800 Exception <a 'java/lang/ClassNotFoundException': TreeCell> (0x03ed0d80) thrown at [C:\workspace\8-2-build-windows-i586-cygwin\jdk8u191\11896\hotspot\src\share\vm\classfile\systemDictionary.cpp, line 210]
Event: 0.565 Thread 0x012fc800 Exception <a 'java/lang/ClassNotFoundException': RootPane> (0x03ed16f8) thrown at [C:\workspace\8-2-build-windows-i586-cygwin\jdk8u191\11896\hotspot\src\share\vm\classfile\systemDictionary.cpp, line 210]

Events (10 events):
Event: 3.549 loading class javax/swing/plaf/nimbus/ScrollBarButtonPainter
Event: 3.564 loading class javax/swing/plaf/nimbus/ScrollBarButtonPainter done
Event: 3.573 loading class javax/swing/JTable$2
Event: 3.573 loading class javax/swing/JTable$Resizable3
Event: 3.573 loading class javax/swing/JTable$Resizable2
Event: 3.573 loading class javax/swing/JTable$Resizable2 done
Event: 3.573 loading class javax/swing/JTable$Resizable3 done
Event: 3.573 loading class javax/swing/JTable$2 done
Event: 3.573 loading class javax/swing/JTable$5
Event: 3.573 loading class javax/swing/JTable$5 done


Dynamic libraries:
0x011c0000 - 0x011f3000 	C:\Program Files\Java\jdk1.8.0_191\jre\bin\java.exe
0x77940000 - 0x77a7c000 	C:\Windows\SYSTEM32\ntdll.dll
0x6d320000 - 0x6d34f000 	C:\Program Files\AVAST Software\Avast\aswhookx.dll
0x763d0000 - 0x764a4000 	C:\Windows\system32\kernel32.dll
0x75c60000 - 0x75caa000 	C:\Windows\system32\KERNELBASE.dll
0x76850000 - 0x768f0000 	C:\Windows\system32\ADVAPI32.dll
0x767a0000 - 0x7684c000 	C:\Windows\system32\msvcrt.dll
0x77a90000 - 0x77aa9000 	C:\Windows\SYSTEM32\sechost.dll
0x76160000 - 0x76201000 	C:\Windows\system32\RPCRT4.dll
0x76300000 - 0x763c9000 	C:\Windows\system32\USER32.dll
0x77af0000 - 0x77b3e000 	C:\Windows\system32\GDI32.dll
0x77a80000 - 0x77a8a000 	C:\Windows\system32\LPK.dll
0x76260000 - 0x762fd000 	C:\Windows\system32\USP10.dll
0x74ff0000 - 0x7518e000 	C:\Windows\WinSxS\x86_microsoft.windows.common-controls_6595b64144ccf1df_6.0.7600.16385_none_421189da2b7fabfc\COMCTL32.dll
0x764b0000 - 0x76507000 	C:\Windows\system32\SHLWAPI.dll
0x76000000 - 0x7601f000 	C:\Windows\system32\IMM32.DLL
0x768f0000 - 0x769bc000 	C:\Windows\system32\MSCTF.dll
0x67210000 - 0x672cf000 	C:\Program Files\Java\jdk1.8.0_191\jre\bin\msvcr100.dll
0x66b10000 - 0x66ee3000 	C:\Program Files\Java\jdk1.8.0_191\jre\bin\client\jvm.dll
0x73750000 - 0x73757000 	C:\Windows\system32\WSOCK32.dll
0x77ab0000 - 0x77ae5000 	C:\Windows\system32\WS2_32.dll
0x75df0000 - 0x75df6000 	C:\Windows\system32\NSI.dll
0x72ec0000 - 0x72ef2000 	C:\Windows\system32\WINMM.dll
0x74a80000 - 0x74a89000 	C:\Windows\system32\VERSION.dll
0x76700000 - 0x76705000 	C:\Windows\system32\PSAPI.DLL
0x72cf0000 - 0x72cfc000 	C:\Program Files\Java\jdk1.8.0_191\jre\bin\verify.dll
0x671e0000 - 0x67202000 	C:\Program Files\Java\jdk1.8.0_191\jre\bin\java.dll
0x72a70000 - 0x72a9b000 	C:\Program Files\Java\jdk1.8.0_191\jre\bin\jdwp.dll
0x72a60000 - 0x72a67000 	C:\Program Files\Java\jdk1.8.0_191\jre\bin\npt.dll
0x72770000 - 0x72784000 	C:\Program Files\Java\jdk1.8.0_191\jre\bin\zip.dll
0x76a50000 - 0x77699000 	C:\Windows\system32\SHELL32.dll
0x765a0000 - 0x766fc000 	C:\Windows\system32\ole32.dll
0x75a90000 - 0x75a9b000 	C:\Windows\system32\profapi.dll
0x6f770000 - 0x6f779000 	C:\Program Files\Java\jdk1.8.0_191\jre\bin\dt_shmem.dll
0x67060000 - 0x671a7000 	C:\Program Files\Java\jdk1.8.0_191\jre\bin\awt.dll
0x76510000 - 0x7659f000 	C:\Windows\system32\OLEAUT32.dll
0x743f0000 - 0x74430000 	C:\Windows\system32\uxtheme.dll
0x73150000 - 0x73163000 	C:\Windows\system32\dwmapi.dll
0x75a10000 - 0x75a1c000 	C:\Windows\system32\CRYPTBASE.dll
0x66f10000 - 0x66f49000 	C:\Program Files\Java\jdk1.8.0_191\jre\bin\fontmanager.dll
0x66f90000 - 0x67058000 	C:\Windows\system32\opengl32.dll
0x66f60000 - 0x66f82000 	C:\Windows\system32\GLU32.dll
0x66a20000 - 0x66b07000 	C:\Windows\system32\DDRAW.dll
0x66f50000 - 0x66f56000 	C:\Windows\system32\DCIMAN32.dll
0x777a0000 - 0x7793d000 	C:\Windows\system32\SETUPAPI.dll
0x75cb0000 - 0x75cd7000 	C:\Windows\system32\CFGMGR32.dll
0x75ce0000 - 0x75cf2000 	C:\Windows\system32\DEVOBJ.dll
0x671c0000 - 0x671d5000 	C:\Program Files\Java\jdk1.8.0_191\jre\bin\net.dll
0x754a0000 - 0x754dc000 	C:\Windows\system32\mswsock.dll
0x75490000 - 0x75496000 	C:\Windows\System32\wship6.dll
0x671b0000 - 0x671bf000 	C:\Program Files\Java\jdk1.8.0_191\jre\bin\nio.dll
0x669e0000 - 0x66a12000 	C:\Program Files\Java\jdk1.8.0_191\jre\bin\t2k.dll
0x769c0000 - 0x76a43000 	C:\Windows\system32\CLBCatQ.DLL
0x640c0000 - 0x640e4000 	C:\Program Files\Java\jdk1.8.0_191\jre\bin\dcpr.dll
0x72f00000 - 0x72ffb000 	C:\Windows\system32\WindowsCodecs.dll
0x759c0000 - 0x75a0b000 	C:\Windows\system32\apphelp.dll
0x6c320000 - 0x6c448000 	C:\Program Files\AVAST Software\Avast\ashShell.dll
0x74260000 - 0x743f0000 	C:\Windows\WinSxS\x86_microsoft.windows.gdiplus_6595b64144ccf1df_1.1.7600.16385_none_72fc7cbf861225ca\gdiplus.dll
0x643e0000 - 0x643e3000 	C:\Program Files\Java\jdk1.8.0_191\jre\bin\api-ms-win-core-synch-l1-2-0.DLL
0x6c0e0000 - 0x6c320000 	C:\Windows\system32\msi.dll
0x6c490000 - 0x6c4c1000 	C:\Windows\system32\EhStorShell.dll
0x74540000 - 0x74635000 	C:\Windows\system32\PROPSYS.dll
0x6b470000 - 0x6b87b000 	C:\PROGRA~1\MICROS~2\Office14\GROOVEEX.DLL
0x70350000 - 0x703f3000 	C:\Windows\WinSxS\x86_microsoft.vc90.crt_1fc8b3b9a1e18e3b_9.0.30729.4926_none_508ed732bcbc0e5a\MSVCR90.dll
0x6c050000 - 0x6c0de000 	C:\Windows\WinSxS\x86_microsoft.vc90.crt_1fc8b3b9a1e18e3b_9.0.30729.4926_none_508ed732bcbc0e5a\MSVCP90.dll
0x6c460000 - 0x6c48b000 	C:\Windows\WinSxS\x86_microsoft.vc90.atl_1fc8b3b9a1e18e3b_9.0.30729.4148_none_51ca66a2bbe76806\ATL90.DLL
0x6b880000 - 0x6bc8f000 	C:\PROGRA~1\COMMON~1\MICROS~1\OFFICE14\Cultures\office.odf
0x6ac00000 - 0x6b464000 	C:\PROGRA~1\MICROS~2\Office14\1033\GrooveIntlResource.dll
0x6bfe0000 - 0x6c04a000 	C:\Windows\System32\cscui.dll
0x6bfd0000 - 0x6bfd9000 	C:\Windows\System32\CSCDLL.dll
0x6c450000 - 0x6c45b000 	C:\Windows\system32\CSCAPI.dll
0x6bf60000 - 0x6bfcf000 	C:\Windows\system32\ntshrui.dll
0x75910000 - 0x75929000 	C:\Windows\system32\srvcli.dll
0x73f50000 - 0x73f5a000 	C:\Windows\system32\slc.dll
0x74ac0000 - 0x74bab000 	C:\Windows\system32\dbghelp.dll

VM Arguments:
jvm_args: -Xdebug -Xrunjdwp:transport=dt_shmem,address=javadebug -Dfile.encoding=UTF-8 
java_command: Dframes.CMain
java_class_path (initial): C:\Program Files\NetBeans 8.2\ide\modules\ext\mysql-connector-java-5.1.23-bin.jar;C:\Users\Administrator\Documents\NetBeansProjects\MAIN\build\classes
Launcher Type: SUN_STANDARD

Environment Variables:
PATH=C:\Program Files\Common Files\Oracle\Java\javapath;C:\Windows\system32;C:\Windows;C:\Windows\System32\Wbem;C:\Windows\System32\WindowsPowerShell\v1.0\;C:\Program Files\MySQL\MySQL Server 5.1\bin;C:\Program Files\AMD\ATI.ACE\Core-Static
USERNAME=Administrator
OS=Windows_NT
PROCESSOR_IDENTIFIER=x86 Family 6 Model 37 Stepping 5, GenuineIntel



---------------  S Y S T E M  ---------------

OS: Windows 7 Build 7600 (6.1.7600.16385)

CPU:total 4 (initial active 4) (2 cores per cpu, 2 threads per core) family 6 model 37 stepping 5, cmov, cx8, fxsr, mmx, sse, sse2, sse3, ssse3, sse4.1, sse4.2, popcnt, ht, tsc, tscinvbit

Memory: 4k page, physical 3331400k(1881872k free), swap 6661036k(5246732k free)

vm_info: Java HotSpot(TM) Client VM (25.191-b12) for windows-x86 JRE (1.8.0_191-b12), built on Oct  6 2018 08:34:23 by "java_re" with MS VC++ 10.0 (VS2010)

time: Wed Oct 31 13:54:20 2018
elapsed time: 3 seconds (0d 0h 0m 3s)

